<?xml version="1.0" encoding="UTF-8"?>
<!-- Generated by org.testng.reporters.JUnitReportReporter -->
<testsuite hostname="DESKTOP-F0URKIS" failures="0" tests="3" name="com.romanceabroad.ui.ContactUsTests" time="66.308" errors="0" timestamp="20 Jan 2021 17:52:00 GMT" skipped="0">
  <testcase classname="com.romanceabroad.ui.ContactUsTests" name="testContactUs" time="20.978"/>
  <testcase classname="com.romanceabroad.ui.ContactUsTests" name="testContactUs" time="21.264"/>
  <testcase classname="com.romanceabroad.ui.ContactUsTests" name="testContactUs" time="24.066"/>
</testsuite> <!-- com.romanceabroad.ui.ContactUsTests -->
