<?xml version="1.0" encoding="UTF-8"?>
<!-- Generated by org.testng.reporters.JUnitReportReporter -->
<testsuite hostname="DESKTOP-F0URKIS" failures="0" tests="4" name="com.romanceabroad.ui.SingInTests" time="96.346" errors="0" timestamp="20 Jan 2021 17:52:00 GMT" skipped="0">
  <testcase classname="com.romanceabroad.ui.SingInTests" name="negativeTestsSingIn" time="24.950"/>
  <testcase classname="com.romanceabroad.ui.SingInTests" name="negativeTestsSingIn" time="23.400"/>
  <testcase classname="com.romanceabroad.ui.SingInTests" name="negativeTestsSingIn" time="23.894"/>
  <testcase classname="com.romanceabroad.ui.SingInTests" name="negativeTestsSingIn" time="24.102"/>
</testsuite> <!-- com.romanceabroad.ui.SingInTests -->
