<?xml version="1.0" encoding="UTF-8"?>
<!-- Generated by org.testng.reporters.JUnitReportReporter -->
<testsuite hostname="DESKTOP-F0URKIS" failures="0" tests="1" name="com.romanceabroad.ui.UserProfileTests" time="61.896" errors="0" timestamp="20 Jan 2021 17:52:00 GMT" skipped="0">
  <testcase classname="com.romanceabroad.ui.UserProfileTests" name="testUserProfile" time="61.896"/>
</testsuite> <!-- com.romanceabroad.ui.UserProfileTests -->
