<?xml version="1.0" encoding="UTF-8"?>
<!-- Generated by org.testng.reporters.JUnitReportReporter -->
<testsuite hostname="DESKTOP-F0URKIS" failures="0" tests="1" name="com.romanceabroad.ui.PhotosTests" time="17.080" errors="0" timestamp="20 Jan 2021 17:52:00 GMT" skipped="0">
  <testcase classname="com.romanceabroad.ui.PhotosTests" name="testPhotosLinksOnWebPage" time="17.080"/>
</testsuite> <!-- com.romanceabroad.ui.PhotosTests -->
