<?xml version="1.0" encoding="UTF-8"?>
<!-- Generated by org.testng.reporters.JUnitReportReporter -->
<testsuite hostname="DESKTOP-F0URKIS" failures="0" tests="1" name="com.romanceabroad.ui.RegistrationTests" time="20.135" errors="0" timestamp="19 Jan 2021 22:24:59 GMT" skipped="0">
  <testcase classname="com.romanceabroad.ui.RegistrationTests" name="testRegistration" time="20.135"/>
</testsuite> <!-- com.romanceabroad.ui.RegistrationTests -->
