<?xml version="1.0" encoding="UTF-8"?>
<!-- Generated by org.testng.reporters.JUnitReportReporter -->
<testsuite hostname="DESKTOP-F0URKIS" failures="0" tests="18" name="com.romanceabroad.ui.ContactUsTests" time="420.746" errors="0" timestamp="02 Feb 2021 01:42:48 GMT" skipped="0">
  <testcase classname="com.romanceabroad.ui.ContactUsTests" name="testContactUs" time="21.094"/>
  <testcase classname="com.romanceabroad.ui.ContactUsTests" name="testContactUs" time="23.001"/>
  <testcase classname="com.romanceabroad.ui.ContactUsTests" name="testContactUs" time="20.123"/>
  <testcase classname="com.romanceabroad.ui.ContactUsTests" name="testContactUs" time="22.997"/>
  <testcase classname="com.romanceabroad.ui.ContactUsTests" name="testContactUs" time="27.853"/>
  <testcase classname="com.romanceabroad.ui.ContactUsTests" name="testContactUs" time="23.695"/>
  <testcase classname="com.romanceabroad.ui.ContactUsTests" name="testContactUs" time="21.721"/>
  <testcase classname="com.romanceabroad.ui.ContactUsTests" name="testContactUs" time="20.300"/>
  <testcase classname="com.romanceabroad.ui.ContactUsTests" name="testContactUs" time="21.513"/>
  <testcase classname="com.romanceabroad.ui.ContactUsTests" name="testContactUs" time="22.499"/>
  <testcase classname="com.romanceabroad.ui.ContactUsTests" name="testContactUs" time="20.493"/>
  <testcase classname="com.romanceabroad.ui.ContactUsTests" name="testContactUs" time="23.149"/>
  <testcase classname="com.romanceabroad.ui.ContactUsTests" name="testContactUs" time="27.295"/>
  <testcase classname="com.romanceabroad.ui.ContactUsTests" name="testContactUs" time="25.988"/>
  <testcase classname="com.romanceabroad.ui.ContactUsTests" name="testContactUs" time="24.714"/>
  <testcase classname="com.romanceabroad.ui.ContactUsTests" name="testContactUs" time="21.564"/>
  <testcase classname="com.romanceabroad.ui.ContactUsTests" name="testContactUs" time="27.019"/>
  <testcase classname="com.romanceabroad.ui.ContactUsTests" name="testContactUs" time="25.728"/>
</testsuite> <!-- com.romanceabroad.ui.ContactUsTests -->
