<?xml version="1.0" encoding="UTF-8"?>
<!-- Generated by org.testng.reporters.JUnitReportReporter -->
<testsuite hostname="DESKTOP-F0URKIS" failures="0" tests="1" name="com.romanceabroad.ui.FooterTabsTests" time="62.891" errors="0" timestamp="21 Jan 2021 21:49:26 GMT" skipped="0">
  <testcase classname="com.romanceabroad.ui.FooterTabsTests" name="testWebElementsFooter" time="62.891"/>
</testsuite> <!-- com.romanceabroad.ui.FooterTabsTests -->
