<?xml version="1.0" encoding="UTF-8"?>
<!-- Generated by org.testng.reporters.JUnitReportReporter -->
<testsuite hostname="DESKTOP-F0URKIS" failures="0" tests="3" name="com.romanceabroad.ui.ContactUsTests" time="104.835" errors="0" timestamp="26 Jan 2021 18:18:36 GMT" skipped="0">
  <testcase classname="com.romanceabroad.ui.ContactUsTests" name="testContactUs" time="31.415"/>
  <testcase classname="com.romanceabroad.ui.ContactUsTests" name="testContactUs" time="32.932"/>
  <testcase classname="com.romanceabroad.ui.ContactUsTests" name="testContactUs" time="40.488"/>
</testsuite> <!-- com.romanceabroad.ui.ContactUsTests -->
