<?xml version="1.0" encoding="UTF-8"?>
<!-- Generated by org.testng.reporters.JUnitReportReporter -->
<testsuite hostname="DESKTOP-F0URKIS" failures="0" tests="6" name="com.romanceabroad.ui.GiftsTests" time="192.261" errors="0" timestamp="11 Jan 2021 23:33:08 GMT" skipped="0">
  <testcase classname="com.romanceabroad.ui.GiftsTests" name="testGiftsIconPageTest1" time="31.263"/>
  <testcase classname="com.romanceabroad.ui.GiftsTests" name="testGiftsIconPageTest1" time="31.315"/>
  <testcase classname="com.romanceabroad.ui.GiftsTests" name="testGiftsIconPageTest1" time="36.819"/>
  <testcase classname="com.romanceabroad.ui.GiftsTests" name="testGiftsIconPageTest1" time="33.801"/>
  <testcase classname="com.romanceabroad.ui.GiftsTests" name="testGiftsIconPageTest1" time="33.226"/>
  <testcase classname="com.romanceabroad.ui.GiftsTests" name="testGiftsBasketPageTest2" time="25.837"/>
</testsuite> <!-- com.romanceabroad.ui.GiftsTests -->
