<?xml version="1.0" encoding="UTF-8"?>
<!-- Generated by org.testng.reporters.JUnitReportReporter -->
<testsuite hostname="DESKTOP-F0URKIS" failures="0" tests="3" name="com.romanceabroad.ui.RegistrationTests" time="203.613" errors="0" timestamp="25 Jan 2021 22:52:31 GMT" skipped="0">
  <testcase classname="com.romanceabroad.ui.RegistrationTests" name="testRegistration" time="50.939"/>
  <testcase classname="com.romanceabroad.ui.RegistrationTests" name="testRegistration" time="74.506"/>
  <testcase classname="com.romanceabroad.ui.RegistrationTests" name="testRegistration" time="78.168"/>
</testsuite> <!-- com.romanceabroad.ui.RegistrationTests -->
