<?xml version="1.0" encoding="UTF-8"?>
<!-- Generated by org.testng.reporters.JUnitReportReporter -->
<testsuite hostname="DESKTOP-F0URKIS" failures="0" tests="6" name="com.romanceabroad.ui.GiftsTests" time="185.374" errors="0" timestamp="11 Jan 2021 23:29:45 GMT" skipped="0">
  <testcase classname="com.romanceabroad.ui.GiftsTests" name="testGiftsIconPageTest1" time="34.300"/>
  <testcase classname="com.romanceabroad.ui.GiftsTests" name="testGiftsIconPageTest1" time="31.064"/>
  <testcase classname="com.romanceabroad.ui.GiftsTests" name="testGiftsIconPageTest1" time="30.578"/>
  <testcase classname="com.romanceabroad.ui.GiftsTests" name="testGiftsIconPageTest1" time="30.858"/>
  <testcase classname="com.romanceabroad.ui.GiftsTests" name="testGiftsIconPageTest1" time="32.130"/>
  <testcase classname="com.romanceabroad.ui.GiftsTests" name="testGiftsBasketPageTest2" time="26.444"/>
</testsuite> <!-- com.romanceabroad.ui.GiftsTests -->
