<?xml version="1.0" encoding="UTF-8"?>
<!-- Generated by org.testng.reporters.JUnitReportReporter -->
<testsuite hostname="DESKTOP-F0URKIS" failures="0" tests="3" name="com.romanceabroad.ui.ContactUsTests" time="79.262" errors="0" timestamp="21 Jan 2021 21:27:14 GMT" skipped="0">
  <testcase classname="com.romanceabroad.ui.ContactUsTests" name="testContactUs" time="23.296"/>
  <testcase classname="com.romanceabroad.ui.ContactUsTests" name="testContactUs" time="28.823"/>
  <testcase classname="com.romanceabroad.ui.ContactUsTests" name="testContactUs" time="27.143"/>
</testsuite> <!-- com.romanceabroad.ui.ContactUsTests -->
