<?xml version="1.0" encoding="UTF-8"?>
<!-- Generated by org.testng.reporters.JUnitReportReporter -->
<testsuite hostname="DESKTOP-F0URKIS" failures="0" tests="3" name="com.romanceabroad.ui.ContactUsTests" time="70.087" errors="0" timestamp="20 Jan 2021 18:34:46 GMT" skipped="0">
  <testcase classname="com.romanceabroad.ui.ContactUsTests" name="testContactUs" time="23.773"/>
  <testcase classname="com.romanceabroad.ui.ContactUsTests" name="testContactUs" time="24.986"/>
  <testcase classname="com.romanceabroad.ui.ContactUsTests" name="testContactUs" time="21.328"/>
</testsuite> <!-- com.romanceabroad.ui.ContactUsTests -->
