<?xml version="1.0" encoding="UTF-8"?>
<!-- Generated by org.testng.reporters.JUnitReportReporter -->
<testsuite hostname="DESKTOP-F0URKIS" failures="0" tests="4" name="com.romanceabroad.ui.SingInTests" time="102.903" errors="0" timestamp="20 Jan 2021 18:34:46 GMT" skipped="0">
  <testcase classname="com.romanceabroad.ui.SingInTests" name="negativeTestsSingIn" time="26.483"/>
  <testcase classname="com.romanceabroad.ui.SingInTests" name="negativeTestsSingIn" time="26.721"/>
  <testcase classname="com.romanceabroad.ui.SingInTests" name="negativeTestsSingIn" time="26.648"/>
  <testcase classname="com.romanceabroad.ui.SingInTests" name="negativeTestsSingIn" time="23.051"/>
</testsuite> <!-- com.romanceabroad.ui.SingInTests -->
