<?xml version="1.0" encoding="UTF-8"?>
<!-- Generated by org.testng.reporters.JUnitReportReporter -->
<testsuite hostname="DESKTOP-F0URKIS" failures="0" tests="1" name="com.romanceabroad.ui.RegistrationTests" time="17.258" errors="0" timestamp="20 Jan 2021 18:34:46 GMT" skipped="0">
  <testcase classname="com.romanceabroad.ui.RegistrationTests" name="testRegistration" time="17.258"/>
</testsuite> <!-- com.romanceabroad.ui.RegistrationTests -->
