<?xml version="1.0" encoding="UTF-8"?>
<!-- Generated by org.testng.reporters.JUnitReportReporter -->
<testsuite hostname="DESKTOP-F0URKIS" failures="0" tests="3" name="com.romanceabroad.ui.ContactUsTests" time="67.858" errors="0" timestamp="20 Jan 2021 19:04:03 GMT" skipped="0">
  <testcase classname="com.romanceabroad.ui.ContactUsTests" name="testContactUs" time="21.043"/>
  <testcase classname="com.romanceabroad.ui.ContactUsTests" name="testContactUs" time="24.390"/>
  <testcase classname="com.romanceabroad.ui.ContactUsTests" name="testContactUs" time="22.425"/>
</testsuite> <!-- com.romanceabroad.ui.ContactUsTests -->
