<?xml version="1.0" encoding="UTF-8"?>
<!-- Generated by org.testng.reporters.JUnitReportReporter -->
<testsuite hostname="DESKTOP-F0URKIS" failures="0" tests="1" name="com.romanceabroad.ui.RegistrationTests" time="18.111" errors="0" timestamp="20 Jan 2021 19:04:03 GMT" skipped="0">
  <testcase classname="com.romanceabroad.ui.RegistrationTests" name="testRegistration" time="18.111"/>
</testsuite> <!-- com.romanceabroad.ui.RegistrationTests -->
