<?xml version="1.0" encoding="UTF-8"?>
<!-- Generated by org.testng.reporters.JUnitReportReporter -->
<testsuite hostname="DESKTOP-F0URKIS" failures="0" tests="1" name="com.romanceabroad.ui.UserProfileTests" time="66.652" errors="0" timestamp="20 Jan 2021 19:04:03 GMT" skipped="0">
  <testcase classname="com.romanceabroad.ui.UserProfileTests" name="testUserProfile" time="66.652"/>
</testsuite> <!-- com.romanceabroad.ui.UserProfileTests -->
