<?xml version="1.0" encoding="UTF-8"?>
<!-- Generated by org.testng.reporters.JUnitReportReporter -->
<testsuite hostname="DESKTOP-F0URKIS" failures="0" tests="1" name="com.romanceabroad.ui.SearchTests" time="79.646" errors="0" timestamp="20 Jan 2021 19:04:03 GMT" skipped="0">
  <testcase classname="com.romanceabroad.ui.SearchTests" name="testPrettyWomenPageTest12" time="79.646"/>
</testsuite> <!-- com.romanceabroad.ui.SearchTests -->
