<?xml version="1.0" encoding="UTF-8"?>
<!-- Generated by org.testng.reporters.JUnitReportReporter -->
<testsuite hostname="DESKTOP-F0URKIS" failures="0" tests="2" name="com.romanceabroad.ui.MainTests" time="12.682" errors="0" timestamp="20 Jan 2021 19:04:03 GMT" skipped="1">
  <testcase classname="com.romanceabroad.ui.MainTests" name="testSignInTest7" time="12.682"/>
  <testcase classname="com.romanceabroad.ui.MainTests" name="testBlogPageTest9">
    <skipped/>
  </testcase> <!-- testBlogPageTest9 -->
</testsuite> <!-- com.romanceabroad.ui.MainTests -->
