<?xml version="1.0" encoding="UTF-8"?>
<!-- Generated by org.testng.reporters.JUnitReportReporter -->
<testsuite hostname="DESKTOP-F0URKIS" failures="0" tests="4" name="com.romanceabroad.ui.SingInTests" time="98.000" errors="0" timestamp="20 Jan 2021 19:04:03 GMT" skipped="0">
  <testcase classname="com.romanceabroad.ui.SingInTests" name="negativeTestsSingIn" time="24.970"/>
  <testcase classname="com.romanceabroad.ui.SingInTests" name="negativeTestsSingIn" time="25.078"/>
  <testcase classname="com.romanceabroad.ui.SingInTests" name="negativeTestsSingIn" time="24.301"/>
  <testcase classname="com.romanceabroad.ui.SingInTests" name="negativeTestsSingIn" time="23.651"/>
</testsuite> <!-- com.romanceabroad.ui.SingInTests -->
